<?xml version="1.0" encoding="UTF-8"?>
<!-- Generated by org.testng.reporters.JUnitReportReporter -->
<testsuite hostname="Jatinder" failures="0" tests="1" name="amazonST.Testsearch$Testaddress" time="51.556" errors="0" timestamp="2024-03-08T20:51:59 MST" skipped="0">
  <testcase classname="amazonST.Testsearch$Testaddress" name="validdata" time="51.556"/>
  <system-out/>
</testsuite> <!-- amazonST.Testsearch$Testaddress -->
