<?xml version="1.0" encoding="UTF-8"?>
<!-- Generated by org.testng.reporters.JUnitReportReporter -->
<testsuite hostname="Jatinder" failures="0" tests="2" name="amazonST.Testaddress$TestAddress" time="83.198" errors="0" timestamp="2024-03-08T13:04:17 MST" skipped="0">
  <testcase classname="amazonST.Testaddress$TestAddress" name="validdata" time="40.725"/>
  <system-out/>
  <testcase classname="amazonST.Testaddress$TestAddress" name="Invaliddata" time="42.473"/>
  <system-out/>
</testsuite> <!-- amazonST.Testaddress$TestAddress -->
