<?xml version="1.0" encoding="UTF-8"?>
<!-- Generated by org.testng.reporters.JUnitReportReporter -->
<testsuite hostname="Jatinder" failures="0" tests="1" name="amazonST.Testcart$Testaddress" time="40.626" errors="0" timestamp="2024-03-12T11:34:18 MDT" skipped="0">
  <testcase classname="amazonST.Testcart$Testaddress" name="validdata" time="40.626"/>
  <system-out/>
</testsuite> <!-- amazonST.Testcart$Testaddress -->
