<?xml version="1.0" encoding="UTF-8"?>
<!-- Generated by org.testng.reporters.JUnitReportReporter -->
<testsuite hostname="Jatinder" failures="0" tests="2" name="amazonST.Testaddress" time="88.233" errors="0" timestamp="2024-03-12T11:38:59 MDT" skipped="0">
  <testcase classname="amazonST.Testaddress" name="Invaliddata" time="36.543"/>
  <system-out/>
  <testcase classname="amazonST.Testaddress" name="security" time="51.690"/>
  <system-out/>
</testsuite> <!-- amazonST.Testaddress -->
