<?xml version="1.0" encoding="UTF-8"?>
<!-- Generated by org.testng.reporters.JUnitReportReporter -->
<testsuite hostname="Jatinder" failures="0" tests="3" name="amazonST.Testng" time="51.868" errors="0" timestamp="2024-03-12T11:34:18 MDT" skipped="0">
  <testcase classname="amazonST.Testng" name="validdata" time="17.807"/>
  <system-out/>
  <testcase classname="amazonST.Testng" name="Invaliddata" time="19.177"/>
  <system-out/>
  <testcase classname="amazonST.Testng" name="invalid" time="14.884"/>
  <system-out/>
</testsuite> <!-- amazonST.Testng -->
