<?xml version="1.0" encoding="UTF-8"?>
<!-- Generated by org.testng.reporters.JUnitReportReporter -->
<testsuite hostname="Jatinder" failures="0" tests="2" name="amazonST.TestSign" time="58.734" errors="0" timestamp="2024-03-12T11:38:59 MDT" skipped="0">
  <testcase classname="amazonST.TestSign" name="validdata" time="24.736"/>
  <system-out/>
  <testcase classname="amazonST.TestSign" name="invalid" time="33.998"/>
  <system-out/>
</testsuite> <!-- amazonST.TestSign -->
