<?xml version="1.0" encoding="UTF-8"?>
<!-- Generated by org.testng.reporters.JUnitReportReporter -->
<testsuite hostname="Jatinder" failures="0" tests="3" name="amazonST.Testparameterize" time="51.719" errors="0" timestamp="2024-03-12T11:34:18 MDT" skipped="0">
  <testcase classname="amazonST.Testparameterize" name="validdata" time="17.327"/>
  <system-out/>
  <testcase classname="amazonST.Testparameterize" name="validdata" time="16.658"/>
  <system-out/>
  <testcase classname="amazonST.Testparameterize" name="validdata" time="17.734"/>
  <system-out/>
</testsuite> <!-- amazonST.Testparameterize -->
